This is pdfTeX, Version 3.1415926-2.4-1.40.13 (TeX Live 2012) (format=pdflatex 2012.6.30)  23 OCT 2013 08:19
entering extended mode
 restricted \write18 enabled.
 file:line:error style messages enabled.
 %&-line parsing enabled.
**NSF_Winslow2013.tex
(./NSF_Winslow2013.tex
LaTeX2e <2011/06/27>
Babel <v3.8m> and hyphenation patterns for english, dumylang, nohyphenation, ge
rman-x-2012-05-30, ngerman-x-2012-05-30, afrikaans, ancientgreek, ibycus, arabi
c, armenian, basque, bulgarian, catalan, pinyin, coptic, croatian, czech, danis
h, dutch, ukenglish, usenglishmax, esperanto, estonian, ethiopic, farsi, finnis
h, french, friulan, galician, german, ngerman, swissgerman, monogreek, greek, h
ungarian, icelandic, assamese, bengali, gujarati, hindi, kannada, malayalam, ma
rathi, oriya, panjabi, tamil, telugu, indonesian, interlingua, irish, italian, 
kurmanji, latin, latvian, lithuanian, mongolian, mongolianlmc, bokmal, nynorsk,
 polish, portuguese, romanian, romansh, russian, sanskrit, serbian, serbianc, s
lovak, slovenian, spanish, swedish, turkish, turkmen, ukrainian, uppersorbian, 
welsh, loaded.
(/usr/local/texlive/2012/texmf-dist/tex/latex/base/article.cls
Document Class: article 2007/10/19 v1.4h Standard LaTeX document class
(/usr/local/texlive/2012/texmf-dist/tex/latex/base/size11.clo
File: size11.clo 2007/10/19 v1.4h Standard LaTeX file (size option)
)
\c@part=\count79
\c@section=\count80
\c@subsection=\count81
\c@subsubsection=\count82
\c@paragraph=\count83
\c@subparagraph=\count84
\c@figure=\count85
\c@table=\count86
\abovecaptionskip=\skip41
\belowcaptionskip=\skip42
\bibindent=\dimen102
)
(/usr/local/texlive/2012/texmf-dist/tex/latex/amsfonts/amssymb.sty
Package: amssymb 2009/06/22 v3.00

(/usr/local/texlive/2012/texmf-dist/tex/latex/amsfonts/amsfonts.sty
Package: amsfonts 2009/06/22 v3.00 Basic AMSFonts support
\@emptytoks=\toks14
\symAMSa=\mathgroup4
\symAMSb=\mathgroup5
LaTeX Font Info:    Overwriting math alphabet `\mathfrak' in version `bold'
(Font)                  U/euf/m/n --> U/euf/b/n on input line 96.
))
(/usr/local/texlive/2012/texmf-dist/tex/latex/amsmath/amsmath.sty
Package: amsmath 2000/07/18 v2.13 AMS math features
\@mathmargin=\skip43

For additional information on amsmath, use the `?' option.
(/usr/local/texlive/2012/texmf-dist/tex/latex/amsmath/amstext.sty
Package: amstext 2000/06/29 v2.01

(/usr/local/texlive/2012/texmf-dist/tex/latex/amsmath/amsgen.sty
File: amsgen.sty 1999/11/30 v2.0
\@emptytoks=\toks15
\ex@=\dimen103
))
(/usr/local/texlive/2012/texmf-dist/tex/latex/amsmath/amsbsy.sty
Package: amsbsy 1999/11/29 v1.2d
\pmbraise@=\dimen104
)
(/usr/local/texlive/2012/texmf-dist/tex/latex/amsmath/amsopn.sty
Package: amsopn 1999/12/14 v2.01 operator names
)
\inf@bad=\count87
LaTeX Info: Redefining \frac on input line 211.
\uproot@=\count88
\leftroot@=\count89
LaTeX Info: Redefining \overline on input line 307.
\classnum@=\count90
\DOTSCASE@=\count91
LaTeX Info: Redefining \ldots on input line 379.
LaTeX Info: Redefining \dots on input line 382.
LaTeX Info: Redefining \cdots on input line 467.
\Mathstrutbox@=\box26
\strutbox@=\box27
\big@size=\dimen105
LaTeX Font Info:    Redeclaring font encoding OML on input line 567.
LaTeX Font Info:    Redeclaring font encoding OMS on input line 568.
\macc@depth=\count92
\c@MaxMatrixCols=\count93
\dotsspace@=\muskip10
\c@parentequation=\count94
\dspbrk@lvl=\count95
\tag@help=\toks16
\row@=\count96
\column@=\count97
\maxfields@=\count98
\andhelp@=\toks17
\eqnshift@=\dimen106
\alignsep@=\dimen107
\tagshift@=\dimen108
\tagwidth@=\dimen109
\totwidth@=\dimen110
\lineht@=\dimen111
\@envbody=\toks18
\multlinegap=\skip44
\multlinetaggap=\skip45
\mathdisplay@stack=\toks19
LaTeX Info: Redefining \[ on input line 2666.
LaTeX Info: Redefining \] on input line 2667.
)
(/usr/local/texlive/2012/texmf-dist/tex/latex/graphics/graphicx.sty
Package: graphicx 1999/02/16 v1.0f Enhanced LaTeX Graphics (DPC,SPQR)

(/usr/local/texlive/2012/texmf-dist/tex/latex/graphics/keyval.sty
Package: keyval 1999/03/16 v1.13 key=value parser (DPC)
\KV@toks@=\toks20
)
(/usr/local/texlive/2012/texmf-dist/tex/latex/graphics/graphics.sty
Package: graphics 2009/02/05 v1.0o Standard LaTeX Graphics (DPC,SPQR)

(/usr/local/texlive/2012/texmf-dist/tex/latex/graphics/trig.sty
Package: trig 1999/03/16 v1.09 sin cos tan (DPC)
)
(/usr/local/texlive/2012/texmf-dist/tex/latex/latexconfig/graphics.cfg
File: graphics.cfg 2010/04/23 v1.9 graphics configuration of TeX Live
)
Package graphics Info: Driver file: pdftex.def on input line 91.

(/usr/local/texlive/2012/texmf-dist/tex/latex/pdftex-def/pdftex.def
File: pdftex.def 2011/05/27 v0.06d Graphics/color for pdfTeX

(/usr/local/texlive/2012/texmf-dist/tex/generic/oberdiek/infwarerr.sty
Package: infwarerr 2010/04/08 v1.3 Providing info/warning/error messages (HO)
)
(/usr/local/texlive/2012/texmf-dist/tex/generic/oberdiek/ltxcmds.sty
Package: ltxcmds 2011/11/09 v1.22 LaTeX kernel commands for general use (HO)
)
\Gread@gobject=\count99
))
\Gin@req@height=\dimen112
\Gin@req@width=\dimen113
)
(/usr/local/texlive/2012/texmf-dist/tex/latex/wrapfig/wrapfig.sty
\wrapoverhang=\dimen114
\WF@size=\dimen115
\c@WF@wrappedlines=\count100
\WF@box=\box28
\WF@everypar=\toks21
Package: wrapfig 2003/01/31  v 3.6
)
(/usr/local/texlive/2012/texmf-dist/tex/latex/hyperref/hyperref.sty
Package: hyperref 2012/05/13 v6.82q Hypertext links for LaTeX

(/usr/local/texlive/2012/texmf-dist/tex/generic/oberdiek/hobsub-hyperref.sty
Package: hobsub-hyperref 2012/05/28 v1.13 Bundle oberdiek, subset hyperref (HO)


(/usr/local/texlive/2012/texmf-dist/tex/generic/oberdiek/hobsub-generic.sty
Package: hobsub-generic 2012/05/28 v1.13 Bundle oberdiek, subset generic (HO)
Package: hobsub 2012/05/28 v1.13 Construct package bundles (HO)
Package hobsub Info: Skipping package `infwarerr' (already loaded).
Package hobsub Info: Skipping package `ltxcmds' (already loaded).
Package: ifluatex 2010/03/01 v1.3 Provides the ifluatex switch (HO)
Package ifluatex Info: LuaTeX not detected.
Package: ifvtex 2010/03/01 v1.5 Detect VTeX and its facilities (HO)
Package ifvtex Info: VTeX not detected.
Package: intcalc 2007/09/27 v1.1 Expandable calculations with integers (HO)
Package: ifpdf 2011/01/30 v2.3 Provides the ifpdf switch (HO)
Package ifpdf Info: pdfTeX in PDF mode is detected.
Package: etexcmds 2011/02/16 v1.5 Avoid name clashes with e-TeX commands (HO)
Package etexcmds Info: Could not find \expanded.
(etexcmds)             That can mean that you are not using pdfTeX 1.50 or
(etexcmds)             that some package has redefined \expanded.
(etexcmds)             In the latter case, load this package earlier.
Package: kvsetkeys 2012/04/25 v1.16 Key value parser (HO)
Package: kvdefinekeys 2011/04/07 v1.3 Define keys (HO)
Package: pdftexcmds 2011/11/29 v0.20 Utility functions of pdfTeX for LuaTeX (HO
)
Package pdftexcmds Info: LuaTeX not detected.
Package pdftexcmds Info: \pdf@primitive is available.
Package pdftexcmds Info: \pdf@ifprimitive is available.
Package pdftexcmds Info: \pdfdraftmode found.
Package: pdfescape 2011/11/25 v1.13 Implements pdfTeX's escape features (HO)
Package: bigintcalc 2012/04/08 v1.3 Expandable calculations on big integers (HO
)
Package: bitset 2011/01/30 v1.1 Handle bit-vector datatype (HO)
Package: uniquecounter 2011/01/30 v1.2 Provide unlimited unique counter (HO)
)
Package hobsub Info: Skipping package `hobsub' (already loaded).
Package: letltxmacro 2010/09/02 v1.4 Let assignment for LaTeX macros (HO)
Package: hopatch 2012/05/28 v1.2 Wrapper for package hooks (HO)
Package: xcolor-patch 2011/01/30 xcolor patch
Package: atveryend 2011/06/30 v1.8 Hooks at the very end of document (HO)
Package atveryend Info: \enddocument detected (standard20110627).
Package: atbegshi 2011/10/05 v1.16 At begin shipout hook (HO)
Package: refcount 2011/10/16 v3.4 Data extraction from label references (HO)
Package: hycolor 2011/01/30 v1.7 Color options for hyperref/bookmark (HO)
)
(/usr/local/texlive/2012/texmf-dist/tex/generic/ifxetex/ifxetex.sty
Package: ifxetex 2010/09/12 v0.6 Provides ifxetex conditional
)
(/usr/local/texlive/2012/texmf-dist/tex/latex/oberdiek/kvoptions.sty
Package: kvoptions 2011/06/30 v3.11 Key value format for package options (HO)
)
\@linkdim=\dimen116
\Hy@linkcounter=\count101
\Hy@pagecounter=\count102

(/usr/local/texlive/2012/texmf-dist/tex/latex/hyperref/pd1enc.def
File: pd1enc.def 2012/05/13 v6.82q Hyperref: PDFDocEncoding definition (HO)
)
\Hy@SavedSpaceFactor=\count103

(/usr/local/texlive/2012/texmf-dist/tex/latex/latexconfig/hyperref.cfg
File: hyperref.cfg 2002/06/06 v1.2 hyperref configuration of TeXLive
)
Package hyperref Info: Hyper figures OFF on input line 4062.
Package hyperref Info: Link nesting OFF on input line 4067.
Package hyperref Info: Hyper index ON on input line 4070.
Package hyperref Info: Plain pages OFF on input line 4077.
Package hyperref Info: Backreferencing OFF on input line 4082.
Package hyperref Info: Implicit mode ON; LaTeX internals redefined.
Package hyperref Info: Bookmarks ON on input line 4300.
\c@Hy@tempcnt=\count104

(/usr/local/texlive/2012/texmf-dist/tex/latex/url/url.sty
\Urlmuskip=\muskip11
Package: url 2006/04/12  ver 3.3  Verb mode for urls, etc.
)
LaTeX Info: Redefining \url on input line 4653.
\Fld@menulength=\count105
\Field@Width=\dimen117
\Fld@charsize=\dimen118
Package hyperref Info: Hyper figures OFF on input line 5773.
Package hyperref Info: Link nesting OFF on input line 5778.
Package hyperref Info: Hyper index ON on input line 5781.
Package hyperref Info: backreferencing OFF on input line 5788.
Package hyperref Info: Link coloring OFF on input line 5793.
Package hyperref Info: Link coloring with OCG OFF on input line 5798.
Package hyperref Info: PDF/A mode OFF on input line 5803.
LaTeX Info: Redefining \ref on input line 5843.
LaTeX Info: Redefining \pageref on input line 5847.
\Hy@abspage=\count106
\c@Item=\count107
\c@Hfootnote=\count108
)

Package hyperref Message: Driver (autodetected): hpdftex.

(/usr/local/texlive/2012/texmf-dist/tex/latex/hyperref/hpdftex.def
File: hpdftex.def 2012/05/13 v6.82q Hyperref driver for pdfTeX
\Fld@listcount=\count109
\c@bookmark@seq@number=\count110

(/usr/local/texlive/2012/texmf-dist/tex/latex/oberdiek/rerunfilecheck.sty
Package: rerunfilecheck 2011/04/15 v1.7 Rerun checks for auxiliary files (HO)
Package uniquecounter Info: New unique counter `rerunfilecheck' on input line 2
82.
)
\Hy@SectionHShift=\skip46
)
(./NSF_Winslow2013.aux (./NSFsumm_Winslow2013.aux) (./NSFdesc_Winslow2013.aux

LaTeX Warning: Label `half0nu' multiply defined.


LaTeX Warning: Label `sens0nu' multiply defined.


LaTeX Warning: Label `layoutCuore' multiply defined.

) (./NSFbio_Winslow2013.aux) (./NSFsupport_Winslow2013.aux)
(./NSFbudget_Winslow2013.aux) (./NSFmentor_Winslow2013.aux)
(./NSFdata_Winslow2013.aux) (./NSFfacility_Winslow2013.aux))
\openout1 = `NSF_Winslow2013.aux'.

LaTeX Font Info:    Checking defaults for OML/cmm/m/it on input line 42.
LaTeX Font Info:    ... okay on input line 42.
LaTeX Font Info:    Checking defaults for T1/cmr/m/n on input line 42.
LaTeX Font Info:    ... okay on input line 42.
LaTeX Font Info:    Checking defaults for OT1/cmr/m/n on input line 42.
LaTeX Font Info:    ... okay on input line 42.
LaTeX Font Info:    Checking defaults for OMS/cmsy/m/n on input line 42.
LaTeX Font Info:    ... okay on input line 42.
LaTeX Font Info:    Checking defaults for OMX/cmex/m/n on input line 42.
LaTeX Font Info:    ... okay on input line 42.
LaTeX Font Info:    Checking defaults for U/cmr/m/n on input line 42.
LaTeX Font Info:    ... okay on input line 42.
LaTeX Font Info:    Checking defaults for PD1/pdf/m/n on input line 42.
LaTeX Font Info:    ... okay on input line 42.

(/usr/local/texlive/2012/texmf-dist/tex/context/base/supp-pdf.mkii
[Loading MPS to PDF converter (version 2006.09.02).]
\scratchcounter=\count111
\scratchdimen=\dimen119
\scratchbox=\box29
\nofMPsegments=\count112
\nofMParguments=\count113
\everyMPshowfont=\toks22
\MPscratchCnt=\count114
\MPscratchDim=\dimen120
\MPnumerator=\count115
\makeMPintoPDFobject=\count116
\everyMPtoPDFconversion=\toks23
) (/usr/local/texlive/2012/texmf-dist/tex/latex/oberdiek/epstopdf-base.sty
Package: epstopdf-base 2010/02/09 v2.5 Base part for package epstopdf

(/usr/local/texlive/2012/texmf-dist/tex/latex/oberdiek/grfext.sty
Package: grfext 2010/08/19 v1.1 Manage graphics extensions (HO)
)
Package grfext Info: Graphics extension search list:
(grfext)             [.png,.pdf,.jpg,.mps,.jpeg,.jbig2,.jb2,.PNG,.PDF,.JPG,.JPE
G,.JBIG2,.JB2,.eps]
(grfext)             \AppendGraphicsExtensions on input line 452.

(/usr/local/texlive/2012/texmf-dist/tex/latex/latexconfig/epstopdf-sys.cfg
File: epstopdf-sys.cfg 2010/07/13 v1.3 Configuration of (r)epstopdf for TeX Liv
e
))
\AtBeginShipoutBox=\box30
Package hyperref Info: Link coloring OFF on input line 42.

(/usr/local/texlive/2012/texmf-dist/tex/latex/hyperref/nameref.sty
Package: nameref 2010/04/30 v2.40 Cross-referencing by name of section

(/usr/local/texlive/2012/texmf-dist/tex/generic/oberdiek/gettitlestring.sty
Package: gettitlestring 2010/12/03 v1.4 Cleanup title references (HO)
)
\c@section@level=\count117
)
LaTeX Info: Redefining \ref on input line 42.
LaTeX Info: Redefining \pageref on input line 42.
LaTeX Info: Redefining \nameref on input line 42.

(./NSF_Winslow2013.out) (./NSF_Winslow2013.out)
\@outlinefile=\write3
\openout3 = `NSF_Winslow2013.out'.

 [1

{/usr/local/texlive/2012/texmf-var/fonts/map/pdftex/updmap/pdftex.map}] (./NSF_
Winslow2013.toc
LaTeX Font Info:    Try loading font information for U+msa on input line 3.

(/usr/local/texlive/2012/texmf-dist/tex/latex/amsfonts/umsa.fd
File: umsa.fd 2009/06/22 v3.00 AMS symbols A
)
LaTeX Font Info:    Try loading font information for U+msb on input line 3.

(/usr/local/texlive/2012/texmf-dist/tex/latex/amsfonts/umsb.fd
File: umsb.fd 2009/06/22 v3.00 AMS symbols B
))
\tf@toc=\write4
\openout4 = `NSF_Winslow2013.toc'.

 [0]
\openout2 = `NSFsumm_Winslow2013.aux'.


(./NSFsumm_Winslow2013.tex
Underfull \hbox (badness 10000) in paragraph at lines 8--10

 []

)pdfTeX warning (ext4): destination with the same identifier (name{page.1}) has
 been already used, duplicate ignored
<to be read again> 
                   \relax 
l.59 \include{NSFsumm_Winslow2013}
                                   [1

]
\openout2 = `NSFdesc_Winslow2013.aux'.

 (./NSFdesc_Winslow2013.texpdfTeX warning (ext4): destination with the same ide
ntifier (name{page.1}) has been already used, duplicate ignored
<to be read again> 
                   \relax 
l.18 \section
             {Motivation} [1


] <figs/0nBB.pdf, id=179, 794.97pt x 614.295pt>
File: figs/0nBB.pdf Graphic file (type pdf)

<use figs/0nBB.pdf>
Package pdftex.def Info: figs/0nBB.pdf used on input line 63.
(pdftex.def)             Requested size: 140.92792pt x 101.33388pt.
 <figs/CartoonBB.pdf, id=181, 569.12625pt x 546.04pt>
File: figs/CartoonBB.pdf Graphic file (type pdf)

<use figs/CartoonBB.pdf>
Package pdftex.def Info: figs/CartoonBB.pdf used on input line 64.
(pdftex.def)             Requested size: 117.43874pt x 112.67212pt.

<figs/M_bb_vs_m1_CL-2012.pdf, id=182, 569.12625pt x 549.05125pt>
File: figs/M_bb_vs_m1_CL-2012.pdf Graphic file (type pdf)

<use figs/M_bb_vs_m1_CL-2012.pdf>
Package pdftex.def Info: figs/M_bb_vs_m1_CL-2012.pdf used on input line 65.
(pdftex.def)             Requested size: 122.13371pt x 121.58209pt.
 [2] [3 <./figs/0nBB.pdf> <./figs/M_bb_vs_m1_CL-2012.pdf, page is rotated 90 de
grees> <./figs/CartoonBB.pdf, page is rotated 90 degrees>] <towers.jpg, id=352,
 179.2296pt x 247.1634pt>
File: towers.jpg Graphic file (type jpg)
 <use towers.jpg>
Package pdftex.def Info: towers.jpg used on input line 94.
(pdftex.def)             Requested size: 105.69774pt x 145.76102pt.

<CUORE-hut-cross-section-labeled.pdf, id=353, 660.4675pt x 433.62pt>
File: CUORE-hut-cross-section-labeled.pdf Graphic file (type pdf)

<use CUORE-hut-cross-section-labeled.pdf>
Package pdftex.def Info: CUORE-hut-cross-section-labeled.pdf used on input line
 95.
(pdftex.def)             Requested size: 237.22856pt x 155.74579pt.
 [4 <./towers.jpg> <./CUORE-hut-cross-section-labeled.pdf>]
Overfull \hbox (4.29836pt too wide) in paragraph at lines 117--130
 [] 
 []

[5] <KamLAND_Osc_Plot.pdf, id=406, 251.83244pt x 186.09987pt>
File: KamLAND_Osc_Plot.pdf Graphic file (type pdf)

<use KamLAND_Osc_Plot.pdf>
Package pdftex.def Info: KamLAND_Osc_Plot.pdf used on input line 151.
(pdftex.def)             Requested size: 272.45874pt x 214.58478pt.
 [6 <./KamLAND_Osc_Plot.pdf>]
<kamlandspall.pdf, id=484, 569.12625pt x 408.52625pt>
File: kamlandspall.pdf Graphic file (type pdf)
 <use kamlandspall.pdf>
Package pdftex.def Info: kamlandspall.pdf used on input line 164.
(pdftex.def)             Requested size: 225.48038pt x 161.85544pt.

<Kam8BSpec_1Sept2011.pdf, id=485, 227.85126pt x 162.6075pt>
File: Kam8BSpec_1Sept2011.pdf Graphic file (type pdf)

<use Kam8BSpec_1Sept2011.pdf>
Package pdftex.def Info: Kam8BSpec_1Sept2011.pdf used on input line 165.
(pdftex.def)             Requested size: 225.48038pt x 160.91989pt.
 [7 <./kamlandspall.pdf, page is rotated 90 degrees> <./Kam8BSpec_1Sept2011.pdf
, page is rotated 90 degrees>] [8] [9]
<prettySpectrum_17July2012.pdf, id=625, 569.12625pt x 408.52625pt>
File: prettySpectrum_17July2012.pdf Graphic file (type pdf)

<use prettySpectrum_17July2012.pdf>
Package pdftex.def Info: prettySpectrum_17July2012.pdf used on input line 209.
(pdftex.def)             Requested size: 272.45874pt x 195.57921pt.
 [10 <./prettySpectrum_17July2012.pdf, page is rotated 90 degrees>]
File: towers.jpg Graphic file (type jpg)
 <use towers.jpg>
Package pdftex.def Info: towers.jpg used on input line 229.
(pdftex.def)             Requested size: 105.69774pt x 145.76102pt.
File: CUORE-hut-cross-section-labeled.pdf Graphic file (type pdf)

<use CUORE-hut-cross-section-labeled.pdf>
Package pdftex.def Info: CUORE-hut-cross-section-labeled.pdf used on input line
 230.
(pdftex.def)             Requested size: 237.22856pt x 155.74579pt.
 [11]
<CUORE_Sensitivity.pdf, id=690, 569.12625pt x 549.05125pt>
File: CUORE_Sensitivity.pdf Graphic file (type pdf)

<use CUORE_Sensitivity.pdf>
Package pdftex.def Info: CUORE_Sensitivity.pdf used on input line 245.
(pdftex.def)             Requested size: 211.3883pt x 203.93329pt.
 [12]

LaTeX Warning: Citation `aware' on page 13 undefined on input line 257.


LaTeX Warning: Citation `usbctr' on page 13 undefined on input line 257.

[13 <./CUORE_Sensitivity.pdf, page is rotated 90 degrees>] [14]
Package epstopdf Info: Source file: <fig1.eps>
(epstopdf)                    date: 2013-09-06 17:09:29
(epstopdf)                    size: 71736 bytes
(epstopdf)             Output file: <fig1-eps-converted-to.pdf>
(epstopdf)                    date: 2013-09-06 17:09:29
(epstopdf)                    size: 48757 bytes
(epstopdf)             Command: <repstopdf --outfile=fig1-eps-converted-to.pdf 
fig1.eps>
(epstopdf)             \includegraphics on input line 293.
Package epstopdf Info: Output file is already uptodate.

<fig1-eps-converted-to.pdf, id=763, 478.78876pt x 630.355pt>
File: fig1-eps-converted-to.pdf Graphic file (type pdf)

<use fig1-eps-converted-to.pdf>
Package pdftex.def Info: fig1-eps-converted-to.pdf used on input line 293.
(pdftex.def)             Requested size: 478.78758pt x 630.35345pt.
 [15 <./fig1-eps-converted-to.pdf>] [16]
<figs/Erin1.jpg, id=795, 963.6pt x 722.7pt>
File: figs/Erin1.jpg Graphic file (type jpg)
 <use figs/Erin1.jpg>
Package pdftex.def Info: figs/Erin1.jpg used on input line 322.
(pdftex.def)             Requested size: 164.4171pt x 123.3095pt.

<figs/viewerPlain.png, id=796, 1142.2675pt x 1136.245pt>
File: figs/viewerPlain.png Graphic file (type png)

<use figs/viewerPlain.png>
Package pdftex.def Info: figs/viewerPlain.png used on input line 323.
(pdftex.def)             Requested size: 140.92792pt x 140.17514pt.
 [17 <./figs/Erin1.jpg> <./figs/viewerPlain.png>]

LaTeX Warning: Citation `Abe:2012gw' on page 18 undefined on input line 341.


LaTeX Warning: Citation `Abe:2012ar' on page 18 undefined on input line 341.

) [18] [19] (./NSF_Winslow2013.bblpdfTeX warning (ext4): destination with the s
ame identifier (name{page.1}) has been already used, duplicate ignored
<to be read again> 
                   \relax 
l.111 
       [1

]
Missing character: There is no Ì in font cmr10!
Missing character: There is no ‰ in font cmr10!
Missing character: There is no Û in font cmr10!
Missing character: There is no ª in font cmr10!
pdfTeX warning (ext4): destination with the same identifier (name{page.2}) has 
been already used, duplicate ignored
<to be read again> 
                   \relax 
l.212 
       [2]
Missing character: There is no ‰ in font cmr10!
Missing character: There is no Û in font cmr10!
Missing character: There is no Ò in font cmr10!
pdfTeX warning (ext4): destination with the same identifier (name{page.3}) has 
been already used, duplicate ignored
<to be read again> 
                   \relax 
l.306 \bibitem{tine}
                     [3])pdfTeX warning (ext4): destination with the same ident
ifier (name{page.4}) has been already used, duplicate ignored
<to be read again> 
                   \relax 
l.68 \include{NSFbio_Winslow2013}
                                  [4]
\openout2 = `NSFbio_Winslow2013.aux'.

 (./NSFbio_Winslow2013.tex
Underfull \hbox (badness 10000) in paragraph at lines 6--82

 []


Underfull \hbox (badness 10000) in paragraph at lines 6--82

 []


Underfull \hbox (badness 10000) in paragraph at lines 6--82

 []


Underfull \hbox (badness 10000) in paragraph at lines 6--82

 []


Underfull \hbox (badness 10000) in paragraph at lines 6--82

 []


Underfull \hbox (badness 10000) in paragraph at lines 6--82

 []


Underfull \hbox (badness 10000) in paragraph at lines 6--82

 []


Underfull \hbox (badness 10000) in paragraph at lines 6--82

 []


Overfull \hbox (1.268pt too wide) in paragraph at lines 6--82
\OT1/cmr/m/n/10.95 ture on Hy-dro-gen in the Dou-ble Chooz Ex-per-i-ment," Phys
.Lett. B723 (2013) 66-70, arXiv:1301.2948
 []


Underfull \hbox (badness 10000) in paragraph at lines 6--82

 []


Underfull \hbox (badness 10000) in paragraph at lines 6--82

 []


Overfull \hbox (33.24586pt too wide) in paragraph at lines 6--82
\OT1/cmr/m/n/10.95 Search Us-ing High-Rate Li-8 Pro-duc-tion and De-cay,'' Phys
. Rev. Lett. \OT1/cmr/bx/n/10.95 109\OT1/cmr/m/n/10.95 , 141802 (2012), arXiv:1
205.4419
 []


Underfull \hbox (badness 10000) in paragraph at lines 6--82

 []


Underfull \hbox (badness 10000) in paragraph at lines 6--82

 []


Underfull \hbox (badness 10000) in paragraph at lines 6--82

 []


Underfull \hbox (badness 10000) in paragraph at lines 6--82

 []


Underfull \hbox (badness 10000) in paragraph at lines 6--82

 []


Underfull \hbox (badness 10000) in paragraph at lines 6--82

 []


Underfull \hbox (badness 10000) in paragraph at lines 6--82

 []


Underfull \hbox (badness 10000) in paragraph at lines 6--82

 []

pdfTeX warning (ext4): destination with the same identifier (name{page.5}) has 
been already used, duplicate ignored
<to be read again> 
                   \relax 
l.82 
      [5

])pdfTeX warning (ext4): destination with the same identifier (name{page.6}) ha
s been already used, duplicate ignored
<to be read again> 
                   \relax 
l.68 \include{NSFbio_Winslow2013}
                                  [6]
\openout2 = `NSFsupport_Winslow2013.aux'.


No file NSFsupport_Winslow2013.tex.
\openout2 = `NSFbudget_Winslow2013.aux'.

(./NSFbudget_Winslow2013.texpdfTeX warning (ext4): destination with the same id
entifier (name{page.1}) has been already used, duplicate ignored
<to be read again> 
                   \relax 
l.23 
      [1




])pdfTeX warning (ext4): destination with the same identifier (name{page.2}) ha
s been already used, duplicate ignored
<to be read again> 
                   \relax 
l.75 \include{NSFbudget_Winslow2013}
                                     [2]
\openout2 = `NSFmentor_Winslow2013.aux'.

 (./NSFmentor_Winslow2013.tex)pdfTeX warning (ext4): destination with the same 
identifier (name{page.1}) has been already used, duplicate ignored
<to be read again> 
                   \relax 
l.78 \include{NSFmentor_Winslow2013}
                                     [1


]
\openout2 = `NSFdata_Winslow2013.aux'.

 (./NSFdata_Winslow2013.tex)pdfTeX warning (ext4): destination with the same id
entifier (name{page.1}) has been already used, duplicate ignored
<to be read again> 
                   \relax 
l.81 \include{NSFdata_Winslow2013}
                                   [1


]
\openout2 = `NSFfacility_Winslow2013.aux'.

 (./NSFfacility_Winslow2013.tex)pdfTeX warning (ext4): destination with the sam
e identifier (name{page.1}) has been already used, duplicate ignored
<to be read again> 
                   \relax 
l.84 \include{NSFfacility_Winslow2013}
                                       [1


]
Package atveryend Info: Empty hook `BeforeClearDocument' on input line 88.
Package atveryend Info: Empty hook `AfterLastShipout' on input line 88.
 (./NSF_Winslow2013.aux
(./NSFsumm_Winslow2013.aux) (./NSFdesc_Winslow2013.aux)
(./NSFbio_Winslow2013.aux) (./NSFsupport_Winslow2013.aux)
(./NSFbudget_Winslow2013.aux) (./NSFmentor_Winslow2013.aux)
(./NSFdata_Winslow2013.aux) (./NSFfacility_Winslow2013.aux))
Package atveryend Info: Executing hook `AtVeryEndDocument' on input line 88.
Package atveryend Info: Executing hook `AtEndAfterFileList' on input line 88.
Package rerunfilecheck Info: File `NSF_Winslow2013.out' has not changed.
(rerunfilecheck)             Checksum: EFC467D28DCF10DFB514863A0D772F2F;1882.


LaTeX Warning: There were undefined references.


LaTeX Warning: There were multiply-defined labels.

Package atveryend Info: Empty hook `AtVeryVeryEnd' on input line 88.
 ) 
Here is how much of TeX's memory you used:
 6264 strings out of 493488
 90282 string characters out of 3141326
 183314 words of memory out of 3000000
 9308 multiletter control sequences out of 15000+200000
 13117 words of font info for 50 fonts, out of 3000000 for 9000
 957 hyphenation exceptions out of 8191
 29i,13n,30p,1566b,442s stack positions out of 5000i,500n,10000p,200000b,50000s
</usr/local/texlive/2012/texmf-dist/fonts/type1/public/amsfonts/cm/cmbx10.pfb
></usr/local/texlive/2012/texmf-dist/fonts/type1/public/amsfonts/cm/cmbx12.pfb>
</usr/local/texlive/2012/texmf-dist/fonts/type1/public/amsfonts/cm/cmbx9.pfb></
usr/local/texlive/2012/texmf-dist/fonts/type1/public/amsfonts/cm/cmex10.pfb></u
sr/local/texlive/2012/texmf-dist/fonts/type1/public/amsfonts/cm/cmmi10.pfb></us
r/local/texlive/2012/texmf-dist/fonts/type1/public/amsfonts/cm/cmmi6.pfb></usr/
local/texlive/2012/texmf-dist/fonts/type1/public/amsfonts/cm/cmmi8.pfb></usr/lo
cal/texlive/2012/texmf-dist/fonts/type1/public/amsfonts/cm/cmmi9.pfb></usr/loca
l/texlive/2012/texmf-dist/fonts/type1/public/amsfonts/cm/cmr10.pfb></usr/local/
texlive/2012/texmf-dist/fonts/type1/public/amsfonts/cm/cmr12.pfb></usr/local/te
xlive/2012/texmf-dist/fonts/type1/public/amsfonts/cm/cmr17.pfb></usr/local/texl
ive/2012/texmf-dist/fonts/type1/public/amsfonts/cm/cmr6.pfb></usr/local/texlive
/2012/texmf-dist/fonts/type1/public/amsfonts/cm/cmr8.pfb></usr/local/texlive/20
12/texmf-dist/fonts/type1/public/amsfonts/cm/cmr9.pfb></usr/local/texlive/2012/
texmf-dist/fonts/type1/public/amsfonts/cm/cmsy10.pfb></usr/local/texlive/2012/t
exmf-dist/fonts/type1/public/amsfonts/cm/cmsy8.pfb></usr/local/texlive/2012/tex
mf-dist/fonts/type1/public/amsfonts/cm/cmti10.pfb></usr/local/texlive/2012/texm
f-dist/fonts/type1/public/amsfonts/cm/cmtt10.pfb></usr/local/texlive/2012/texmf
-dist/fonts/type1/public/amsfonts/symbols/msam10.pfb>
Output written on NSF_Winslow2013.pdf (33 pages, 1883034 bytes).
PDF statistics:
 1033 PDF objects out of 1200 (max. 8388607)
 766 compressed objects within 8 object streams
 119 named destinations out of 1000 (max. 500000)
 300 words of extra memory for PDF output out of 10000 (max. 10000000)

