\BOOKMARK [1][-]{section.1}{Introduction}{}% 1
\BOOKMARK [1][-]{section.2}{Motivation}{}% 2
\BOOKMARK [2][-]{subsection.2.1}{Neutrino Oscillation: Neutrino Mass to Precision Measurements}{section.2}% 3
\BOOKMARK [2][-]{subsection.2.2}{Neutrinoless Double Beta Decay}{section.2}% 4
\BOOKMARK [2][-]{subsection.2.3}{CUORE Experiment}{section.2}% 5
\BOOKMARK [2][-]{subsection.2.4}{Commissioning and Analysis Manpower}{section.2}% 6
\BOOKMARK [1][-]{section.3}{Research Plan}{}% 7
\BOOKMARK [2][-]{subsection.3.1}{Previous Experience}{section.3}% 8
\BOOKMARK [2][-]{subsection.3.2}{Double Chooz Experience}{section.3}% 9
\BOOKMARK [2][-]{subsection.3.3}{Continuing Work}{section.3}% 10
\BOOKMARK [1][-]{section.4}{Proposed Research Plan}{}% 11
\BOOKMARK [2][-]{subsection.4.1}{CUORE: The Search for Neutrinoless Double-Beta Decay}{section.4}% 12
\BOOKMARK [2][-]{subsection.4.2}{Hardware Focus: Slow Monitoring}{section.4}% 13
\BOOKMARK [2][-]{subsection.4.3}{Analysis Focus: Monte Carlo and Exotic Double Beta-Decay Searches}{section.4}% 14
\BOOKMARK [2][-]{subsection.4.4}{Group Plan}{section.4}% 15
\BOOKMARK [1][-]{section.5}{Broader Impacts}{}% 16
\BOOKMARK [2][-]{subsection.5.1}{CUORE: The Search for Neutrinoless Double-Beta Decay}{section.5}% 17
\BOOKMARK [1][-]{section.6}{Conclusion}{}% 18
\BOOKMARK [1][-]{section.7}{Budget Justification}{}% 19
\BOOKMARK [2][-]{subsection.7.1}{Personnell}{section.7}% 20
\BOOKMARK [2][-]{subsection.7.2}{Materials and Supplies}{section.7}% 21
\BOOKMARK [2][-]{subsection.7.3}{Travel}{section.7}% 22
\BOOKMARK [2][-]{subsection.7.4}{Other Direct Costs}{section.7}% 23
\BOOKMARK [2][-]{subsection.7.5}{Indirect Costs}{section.7}% 24
\BOOKMARK [1][-]{section.8}{Postdoctoral Researcher Mentoring Plan}{}% 25
\BOOKMARK [1][-]{section.9}{Data Management Plan}{}% 26
\BOOKMARK [1][-]{section.10}{Facilities, Equipment, and Other Resource}{}% 27
